2024-10-03 13:32:53,600 DEBUG Horse: Створення Horse, ім'я [Bucephalus], швидкість [2.4]
2024-10-03 13:32:53,601 DEBUG Horse: Створення Horse, ім'я [Ace of Spades], швидкість [2.5]
2024-10-03 13:32:53,601 DEBUG Horse: Створення Horse, ім'я [Zephyr], швидкість [2.6]
2024-10-03 13:32:53,601 DEBUG Horse: Створення Horse, ім'я [Blaze], швидкість [2.7]
2024-10-03 13:32:53,601 DEBUG Horse: Створення Horse, ім'я [Lobster], швидкість [2.8]
2024-10-03 13:32:53,601 DEBUG Horse: Створення Horse, ім'я [Pegasus], швидкість [2.9]
2024-10-03 13:32:53,601 DEBUG Horse: Створення Horse, ім'я [Cherry], швидкість [3.0]
2024-10-03 13:35:14,703 DEBUG Horse: Створення Horse, ім'я [Bucephalus], швидкість [2.4]
2024-10-03 13:35:14,704 DEBUG Horse: Створення Horse, ім'я [Ace of Spades], швидкість [2.5]
2024-10-03 13:35:14,704 DEBUG Horse: Створення Horse, ім'я [Zephyr], швидкість [2.6]
2024-10-03 13:35:14,704 DEBUG Horse: Створення Horse, ім'я [Blaze], швидкість [2.7]
2024-10-03 13:35:14,704 DEBUG Horse: Створення Horse, ім'я [Lobster], швидкість [2.8]
2024-10-03 13:35:14,704 DEBUG Horse: Створення Horse, ім'я [Pegasus], швидкість [2.9]
2024-10-03 13:35:14,704 DEBUG Horse: Створення Horse, ім'я [Cherry], швидкість [3.0]
2024-10-03 13:36:10,481 DEBUG Horse: Створення Horse, ім'я [Horse0], швидкість [8.15061100310675]
2024-10-03 13:36:10,481 DEBUG Horse: Створення Horse, ім'я [Horse1], швидкість [2.7298881442646095]
2024-10-03 13:36:10,481 DEBUG Horse: Створення Horse, ім'я [Horse2], швидкість [0.7081030538376609]
2024-10-03 13:36:10,481 DEBUG Horse: Створення Horse, ім'я [Horse3], швидкість [0.858502797186731]
2024-10-03 13:36:10,481 DEBUG Horse: Створення Horse, ім'я [Horse4], швидкість [8.892063314035926]
2024-10-03 13:36:10,481 DEBUG Horse: Створення Horse, ім'я [Horse5], швидкість [3.2450927335913904]
2024-10-03 13:36:10,481 DEBUG Horse: Створення Horse, ім'я [Horse6], швидкість [7.790173017910891]
2024-10-03 13:36:10,481 DEBUG Horse: Створення Horse, ім'я [Horse7], швидкість [2.949076275060629]
2024-10-03 13:36:10,482 DEBUG Horse: Створення Horse, ім'я [Horse8], швидкість [2.653430726161984]
2024-10-03 13:36:10,482 DEBUG Horse: Створення Horse, ім'я [Horse9], швидкість [6.88990990892528]
2024-10-03 13:36:10,482 DEBUG Horse: Створення Horse, ім'я [Horse10], швидкість [5.456943859280312]
2024-10-03 13:36:10,482 DEBUG Horse: Створення Horse, ім'я [Horse11], швидкість [9.231083348963159]
2024-10-03 13:36:10,482 DEBUG Horse: Створення Horse, ім'я [Horse12], швидкість [8.281030295650707]
2024-10-03 13:36:10,482 DEBUG Horse: Створення Horse, ім'я [Horse13], швидкість [8.070168299859283]
2024-10-03 13:36:10,482 DEBUG Horse: Створення Horse, ім'я [Horse14], швидкість [3.654530528203982]
2024-10-03 13:36:10,482 DEBUG Horse: Створення Horse, ім'я [Horse15], швидкість [9.019213212901708]
2024-10-03 13:36:10,482 DEBUG Horse: Створення Horse, ім'я [Horse16], швидкість [2.7151334596068666]
2024-10-03 13:36:10,482 DEBUG Horse: Створення Horse, ім'я [Horse17], швидкість [8.878911632918777]
2024-10-03 13:36:10,482 DEBUG Horse: Створення Horse, ім'я [Horse18], швидкість [3.0668980189162145]
2024-10-03 13:36:10,482 DEBUG Horse: Створення Horse, ім'я [Horse19], швидкість [7.541617018804166]
2024-10-03 13:36:10,482 DEBUG Horse: Створення Horse, ім'я [Horse20], швидкість [9.553055489933689]
2024-10-03 13:36:10,482 DEBUG Horse: Створення Horse, ім'я [Horse21], швидкість [6.502413843696351]
2024-10-03 13:36:10,482 DEBUG Horse: Створення Horse, ім'я [Horse22], швидкість [2.8125560694617047]
2024-10-03 13:36:10,482 DEBUG Horse: Створення Horse, ім'я [Horse23], швидкість [7.9140985451639]
2024-10-03 13:36:10,482 DEBUG Horse: Створення Horse, ім'я [Horse24], швидкість [2.451722872799187]
2024-10-03 13:36:10,482 DEBUG Horse: Створення Horse, ім'я [Horse25], швидкість [8.991062132633104]
2024-10-03 13:36:10,482 DEBUG Horse: Створення Horse, ім'я [Horse26], швидкість [3.937763399479187]
2024-10-03 13:36:10,482 DEBUG Horse: Створення Horse, ім'я [Horse27], швидкість [2.748706419360812]
2024-10-03 13:36:10,482 DEBUG Horse: Створення Horse, ім'я [Horse28], швидкість [0.9087789047285832]
2024-10-03 13:36:10,482 DEBUG Horse: Створення Horse, ім'я [Horse29], швидкість [7.559171952816291]
2024-10-03 13:36:10,991 DEBUG Horse: Створення Horse, ім'я [Horse0], швидкість [7.495303062179046]
2024-10-03 13:36:10,991 DEBUG Horse: Створення Horse, ім'я [Horse1], швидкість [4.810786312719344]
2024-10-03 13:36:10,991 DEBUG Horse: Створення Horse, ім'я [Horse2], швидкість [8.461294539117562]
2024-10-03 13:36:10,991 DEBUG Horse: Створення Horse, ім'я [Horse3], швидкість [6.077794081114197]
2024-10-03 13:36:10,991 DEBUG Horse: Створення Horse, ім'я [Horse4], швидкість [8.497892610174778]
2024-10-03 13:36:10,992 DEBUG Horse: Створення Horse, ім'я [Horse5], швидкість [8.638558717174634]
2024-10-03 13:36:10,992 DEBUG Horse: Створення Horse, ім'я [Horse6], швидкість [5.841142911540462]
2024-10-03 13:36:10,992 DEBUG Horse: Створення Horse, ім'я [Horse7], швидкість [0.9245778355239476]
2024-10-03 13:36:10,992 DEBUG Horse: Створення Horse, ім'я [Horse8], швидкість [9.535287596674664]
2024-10-03 13:36:10,992 DEBUG Horse: Створення Horse, ім'я [Horse9], швидкість [7.5392834793225045]
2024-10-03 13:36:10,992 DEBUG Horse: Створення Horse, ім'я [Horse10], швидкість [4.126100181805557]
2024-10-03 13:36:10,992 DEBUG Horse: Створення Horse, ім'я [Horse11], швидкість [6.854751409616972]
2024-10-03 13:36:10,992 DEBUG Horse: Створення Horse, ім'я [Horse12], швидкість [0.3441475506173963]
2024-10-03 13:36:10,992 DEBUG Horse: Створення Horse, ім'я [Horse13], швидкість [2.8760724538935434]
2024-10-03 13:36:10,992 DEBUG Horse: Створення Horse, ім'я [Horse14], швидкість [5.425738795229576]
2024-10-03 13:36:10,992 DEBUG Horse: Створення Horse, ім'я [Horse15], швидкість [7.05728569663785]
2024-10-03 13:36:10,992 DEBUG Horse: Створення Horse, ім'я [Horse16], швидкість [2.119721382636115]
2024-10-03 13:36:10,992 DEBUG Horse: Створення Horse, ім'я [Horse17], швидкість [5.059416593327569]
2024-10-03 13:36:10,992 DEBUG Horse: Створення Horse, ім'я [Horse18], швидкість [1.1411717032642732]
2024-10-03 13:36:10,992 DEBUG Horse: Створення Horse, ім'я [Horse19], швидкість [8.060296837194175]
2024-10-03 13:36:10,992 DEBUG Horse: Створення Horse, ім'я [Horse20], швидкість [7.858415772499105]
2024-10-03 13:36:10,992 DEBUG Horse: Створення Horse, ім'я [Horse21], швидкість [8.157485631739092]
2024-10-03 13:36:10,992 DEBUG Horse: Створення Horse, ім'я [Horse22], швидкість [0.33771193231365126]
2024-10-03 13:36:10,992 DEBUG Horse: Створення Horse, ім'я [Horse23], швидкість [2.64975915300538]
2024-10-03 13:36:10,993 DEBUG Horse: Створення Horse, ім'я [Horse24], швидкість [2.5203116160444883]
2024-10-03 13:36:10,993 DEBUG Horse: Створення Horse, ім'я [Horse25], швидкість [2.5392640722468505]
2024-10-03 13:36:10,993 DEBUG Horse: Створення Horse, ім'я [Horse26], швидкість [3.269509989682394]
2024-10-03 13:36:10,993 DEBUG Horse: Створення Horse, ім'я [Horse27], швидкість [6.465582434049496]
2024-10-03 13:36:10,993 DEBUG Horse: Створення Horse, ім'я [Horse28], швидкість [9.300687835426235]
2024-10-03 13:36:10,993 DEBUG Horse: Створення Horse, ім'я [Horse29], швидкість [2.4645887140095892]
2024-10-03 13:36:11,003 DEBUG Horse: Створення Horse, ім'я [Horse0], швидкість [7.595231483837321]
2024-10-03 13:36:11,003 DEBUG Horse: Створення Horse, ім'я [Horse1], швидкість [6.439122782884144]
2024-10-03 13:36:11,003 DEBUG Horse: Створення Horse, ім'я [Horse2], швидкість [0.7996181522294343]
2024-10-03 13:36:11,003 DEBUG Horse: Створення Horse, ім'я [Horse3], швидкість [8.035146436052184]
2024-10-03 13:36:11,003 DEBUG Horse: Створення Horse, ім'я [Horse4], швидкість [7.323835734288892]
2024-10-03 13:36:11,003 DEBUG Horse: Створення Horse, ім'я [Horse5], швидкість [1.7361838892071946]
2024-10-03 13:36:11,003 DEBUG Horse: Створення Horse, ім'я [Horse6], швидкість [6.378699456719921]
2024-10-03 13:36:11,003 DEBUG Horse: Створення Horse, ім'я [Horse7], швидкість [3.420496952683613]
2024-10-03 13:36:11,003 DEBUG Horse: Створення Horse, ім'я [Horse8], швидкість [7.029521995105515]
2024-10-03 13:36:11,003 DEBUG Horse: Створення Horse, ім'я [Horse9], швидкість [0.3695765228230774]
2024-10-03 13:36:11,003 DEBUG Horse: Створення Horse, ім'я [Horse10], швидкість [9.493978192350049]
2024-10-03 13:36:11,003 DEBUG Horse: Створення Horse, ім'я [Horse11], швидкість [5.773182759363777]
2024-10-03 13:36:11,003 DEBUG Horse: Створення Horse, ім'я [Horse12], швидкість [6.374901161641269]
2024-10-03 13:36:11,003 DEBUG Horse: Створення Horse, ім'я [Horse13], швидкість [7.145295129736933]
2024-10-03 13:36:11,003 DEBUG Horse: Створення Horse, ім'я [Horse14], швидкість [1.2941348043960443]
2024-10-03 13:36:11,003 DEBUG Horse: Створення Horse, ім'я [Horse15], швидкість [1.7469877800709965]
2024-10-03 13:36:11,003 DEBUG Horse: Створення Horse, ім'я [Horse16], швидкість [2.4814581688794557]
2024-10-03 13:36:11,003 DEBUG Horse: Створення Horse, ім'я [Horse17], швидкість [1.10637358259553]
2024-10-03 13:36:11,004 DEBUG Horse: Створення Horse, ім'я [Horse18], швидкість [9.27298961711066]
2024-10-03 13:36:11,004 DEBUG Horse: Створення Horse, ім'я [Horse19], швидкість [1.0324084996491312]
2024-10-03 13:36:11,004 DEBUG Horse: Створення Horse, ім'я [Horse20], швидкість [0.1863668997803114]
2024-10-03 13:36:11,004 DEBUG Horse: Створення Horse, ім'я [Horse21], швидкість [3.138487240341592]
2024-10-03 13:36:11,004 DEBUG Horse: Створення Horse, ім'я [Horse22], швидкість [2.2653924979465465]
2024-10-03 13:36:11,004 DEBUG Horse: Створення Horse, ім'я [Horse23], швидкість [8.823399464715166]
2024-10-03 13:36:11,004 DEBUG Horse: Створення Horse, ім'я [Horse24], швидкість [2.724720800378555]
2024-10-03 13:36:11,004 DEBUG Horse: Створення Horse, ім'я [Horse25], швидкість [6.90135837641148]
2024-10-03 13:36:11,004 DEBUG Horse: Створення Horse, ім'я [Horse26], швидкість [5.57555885367023]
2024-10-03 13:36:11,004 DEBUG Horse: Створення Horse, ім'я [Horse27], швидкість [1.6294553719842841]
2024-10-03 13:36:11,004 DEBUG Horse: Створення Horse, ім'я [Horse28], швидкість [7.876239306385545]
2024-10-03 13:36:11,004 DEBUG Horse: Створення Horse, ім'я [Horse29], швидкість [8.75002982066287]
2024-10-03 13:36:11,006 DEBUG Horse: Створення Horse, ім'я [Horse0], швидкість [2.526914540439491]
2024-10-03 13:36:11,006 DEBUG Horse: Створення Horse, ім'я [Horse1], швидкість [3.3470924471571517]
2024-10-03 13:36:11,006 DEBUG Horse: Створення Horse, ім'я [Horse2], швидкість [7.1155166308029925]
2024-10-03 13:36:11,006 DEBUG Horse: Створення Horse, ім'я [Horse3], швидкість [4.810070505379118]
2024-10-03 13:36:11,006 DEBUG Horse: Створення Horse, ім'я [Horse4], швидкість [1.2225111150769685]
2024-10-03 13:36:11,006 DEBUG Horse: Створення Horse, ім'я [Horse5], швидкість [1.0047933448831736]
2024-10-03 13:36:11,006 DEBUG Horse: Створення Horse, ім'я [Horse6], швидкість [7.804870707623024]
2024-10-03 13:36:11,006 DEBUG Horse: Створення Horse, ім'я [Horse7], швидкість [5.870772917659545]
2024-10-03 13:36:11,006 DEBUG Horse: Створення Horse, ім'я [Horse8], швидкість [7.805077064350816]
2024-10-03 13:36:11,006 DEBUG Horse: Створення Horse, ім'я [Horse9], швидкість [2.095473430067077]
2024-10-03 13:36:11,006 DEBUG Horse: Створення Horse, ім'я [Horse10], швидкість [0.9688595116737908]
2024-10-03 13:36:11,007 DEBUG Horse: Створення Horse, ім'я [Horse11], швидкість [3.2604077131642772]
2024-10-03 13:36:11,007 DEBUG Horse: Створення Horse, ім'я [Horse12], швидкість [0.005762192664305887]
2024-10-03 13:36:11,007 DEBUG Horse: Створення Horse, ім'я [Horse13], швидкість [7.910537215886734]
2024-10-03 13:36:11,007 DEBUG Horse: Створення Horse, ім'я [Horse14], швидкість [9.689523071226064]
2024-10-03 13:36:11,007 DEBUG Horse: Створення Horse, ім'я [Horse15], швидкість [1.3675942269241637]
2024-10-03 13:36:11,007 DEBUG Horse: Створення Horse, ім'я [Horse16], швидкість [7.270644157726461]
2024-10-03 13:36:11,007 DEBUG Horse: Створення Horse, ім'я [Horse17], швидкість [9.78958170120249]
2024-10-03 13:36:11,007 DEBUG Horse: Створення Horse, ім'я [Horse18], швидкість [5.661415785716802]
2024-10-03 13:36:11,007 DEBUG Horse: Створення Horse, ім'я [Horse19], швидкість [4.972853849817951]
2024-10-03 13:36:11,007 DEBUG Horse: Створення Horse, ім'я [Horse20], швидкість [6.254053366030147]
2024-10-03 13:36:11,007 DEBUG Horse: Створення Horse, ім'я [Horse21], швидкість [7.699813222057548]
2024-10-03 13:36:11,007 DEBUG Horse: Створення Horse, ім'я [Horse22], швидкість [3.945492655117344]
2024-10-03 13:36:11,007 DEBUG Horse: Створення Horse, ім'я [Horse23], швидкість [2.0544059750027066]
2024-10-03 13:36:11,007 DEBUG Horse: Створення Horse, ім'я [Horse24], швидкість [2.967783951111006]
2024-10-03 13:36:11,007 DEBUG Horse: Створення Horse, ім'я [Horse25], швидкість [3.0592379127109357]
2024-10-03 13:36:11,007 DEBUG Horse: Створення Horse, ім'я [Horse26], швидкість [8.460909339436459]
2024-10-03 13:36:11,007 DEBUG Horse: Створення Horse, ім'я [Horse27], швидкість [5.23226849101067]
2024-10-03 13:36:11,007 DEBUG Horse: Створення Horse, ім'я [Horse28], швидкість [5.375249207081999]
2024-10-03 13:36:11,007 DEBUG Horse: Створення Horse, ім'я [Horse29], швидкість [0.21768948517616682]
2024-10-03 13:36:11,010 DEBUG Horse: Створення Horse, ім'я [Horse0], швидкість [3.253799282356856]
2024-10-03 13:36:11,010 DEBUG Horse: Створення Horse, ім'я [Horse1], швидкість [7.5147276666991445]
2024-10-03 13:36:11,010 DEBUG Horse: Створення Horse, ім'я [Horse2], швидкість [2.719647188760245]
2024-10-03 13:36:11,010 DEBUG Horse: Створення Horse, ім'я [Horse3], швидкість [3.5097559873290574]
2024-10-03 13:36:11,010 DEBUG Horse: Створення Horse, ім'я [Horse4], швидкість [7.082092362349562]
2024-10-03 13:36:11,010 DEBUG Horse: Створення Horse, ім'я [Horse5], швидкість [0.511237989156289]
2024-10-03 13:36:11,010 DEBUG Horse: Створення Horse, ім'я [Horse6], швидкість [0.3751970115492398]
2024-10-03 13:36:11,010 DEBUG Horse: Створення Horse, ім'я [Horse7], швидкість [9.293668727017167]
2024-10-03 13:36:11,010 DEBUG Horse: Створення Horse, ім'я [Horse8], швидкість [1.3554353995383261]
2024-10-03 13:36:11,010 DEBUG Horse: Створення Horse, ім'я [Horse9], швидкість [5.775816874255231]
2024-10-03 13:36:11,010 DEBUG Horse: Створення Horse, ім'я [Horse10], швидкість [1.5105085076551095]
2024-10-03 13:36:11,010 DEBUG Horse: Створення Horse, ім'я [Horse11], швидкість [4.890216288833028]
2024-10-03 13:36:11,010 DEBUG Horse: Створення Horse, ім'я [Horse12], швидкість [3.9692763739552683]
2024-10-03 13:36:11,010 DEBUG Horse: Створення Horse, ім'я [Horse13], швидкість [2.4449914581980825]
2024-10-03 13:36:11,010 DEBUG Horse: Створення Horse, ім'я [Horse14], швидкість [9.3531494225845]
2024-10-03 13:36:11,010 DEBUG Horse: Створення Horse, ім'я [Horse15], швидкість [8.835743776245584]
2024-10-03 13:36:11,010 DEBUG Horse: Створення Horse, ім'я [Horse16], швидкість [4.072179314476642]
2024-10-03 13:36:11,010 DEBUG Horse: Створення Horse, ім'я [Horse17], швидкість [6.8343673816313]
2024-10-03 13:36:11,011 DEBUG Horse: Створення Horse, ім'я [Horse18], швидкість [6.344469902776298]
2024-10-03 13:36:11,011 DEBUG Horse: Створення Horse, ім'я [Horse19], швидкість [9.363302962466806]
2024-10-03 13:36:11,011 DEBUG Horse: Створення Horse, ім'я [Horse20], швидкість [5.305425977132884]
2024-10-03 13:36:11,011 DEBUG Horse: Створення Horse, ім'я [Horse21], швидкість [2.1578762531333053]
2024-10-03 13:36:11,011 DEBUG Horse: Створення Horse, ім'я [Horse22], швидкість [8.97374927787865]
2024-10-03 13:36:11,011 DEBUG Horse: Створення Horse, ім'я [Horse23], швидкість [0.5260141533002016]
2024-10-03 13:36:11,011 DEBUG Horse: Створення Horse, ім'я [Horse24], швидкість [7.553972091645673]
2024-10-03 13:36:11,011 DEBUG Horse: Створення Horse, ім'я [Horse25], швидкість [9.033766115720374]
2024-10-03 13:36:11,011 DEBUG Horse: Створення Horse, ім'я [Horse26], швидкість [9.580726453145417]
2024-10-03 13:36:11,011 DEBUG Horse: Створення Horse, ім'я [Horse27], швидкість [7.876702092586885]
2024-10-03 13:36:11,011 DEBUG Horse: Створення Horse, ім'я [Horse28], швидкість [9.747817200612612]
2024-10-03 13:36:11,011 DEBUG Horse: Створення Horse, ім'я [Horse29], швидкість [9.94139883023489]
2024-10-03 13:36:11,011 DEBUG Horse: Створення Horse, ім'я [Horse 1], швидкість [2.0]
2024-10-03 13:36:11,011 DEBUG Horse: Створення Horse, ім'я [Horse 2], швидкість [2.5]
2024-10-03 13:36:11,011 DEBUG Horse: Створення Horse, ім'я [Horse 3], швидкість [3.0]
